<?xml version="1.0" encoding="UTF-8"?>
<testng-results skipped="0" failed="0" total="1" passed="1">
  <reporter-output>
  </reporter-output>
  <suite name="Default suite" duration-ms="9288" started-at="2016-10-25T02:21:15Z" finished-at="2016-10-25T02:21:24Z">
    <groups>
    </groups>
    <test name="Default test" duration-ms="9288" started-at="2016-10-25T02:21:15Z" finished-at="2016-10-25T02:21:24Z">
      <class name="com.sqa.vr.adactin.AdactinTC101">
        <test-method status="PASS" signature="setUp()[pri:0, instance:com.sqa.vr.adactin.AdactinTC101@78234ab7]" name="setUp" is-config="true" duration-ms="6009" started-at="2016-10-24T19:21:15Z" finished-at="2016-10-24T19:21:21Z">
          <reporter-output>
          </reporter-output>
        </test-method> <!-- setUp -->
        <test-method status="PASS" signature="testLogin()[pri:0, instance:com.sqa.vr.adactin.AdactinTC101@78234ab7]" name="testLogin" duration-ms="3102" started-at="2016-10-24T19:21:21Z" finished-at="2016-10-24T19:21:24Z">
          <reporter-output>
          </reporter-output>
        </test-method> <!-- testLogin -->
        <test-method status="PASS" signature="tearDown()[pri:0, instance:com.sqa.vr.adactin.AdactinTC101@78234ab7]" name="tearDown" is-config="true" duration-ms="126" started-at="2016-10-24T19:21:24Z" finished-at="2016-10-24T19:21:24Z">
          <reporter-output>
          </reporter-output>
        </test-method> <!-- tearDown -->
      </class> <!-- com.sqa.vr.adactin.AdactinTC101 -->
    </test> <!-- Default test -->
  </suite> <!-- Default suite -->
</testng-results>
